<?xml version="1.0" encoding="UTF-8"?>
<!-- Generated by org.testng.reporters.JUnitReportReporter -->
<testsuite hostname="DESKTOP-KS4UTAQ" failures="0" tests="2" name="TestNG.ex4_Annotations2" time="0.011" errors="0" timestamp="2022-03-24T11:35:49 IST" skipped="0">
  <testcase classname="TestNG.ex4_Annotations2" name="verifyid1" time="0.009"/>
  <system-out>
    <![CDATA[verify id1]]>
  </system-out>
  <testcase classname="TestNG.ex4_Annotations2" name="verifyid2" time="0.002"/>
  <system-out>
    <![CDATA[verify id2]]>
  </system-out>
</testsuite> <!-- TestNG.ex4_Annotations2 -->
