<?xml version="1.0" encoding="UTF-8"?>
<!-- Generated by org.testng.reporters.JUnitReportReporter -->
<testsuite hostname="DESKTOP-KS4UTAQ" failures="0" tests="5" name="TestNG.ex5_keyword1_invocationcount" time="0.027" errors="0" timestamp="2022-03-24T12:17:01 IST" skipped="0">
  <testcase classname="TestNG.ex5_keyword1_invocationcount" name="TC1" time="0.017"/>
  <system-out>
    <![CDATA[running TC1]]>
  </system-out>
  <testcase classname="TestNG.ex5_keyword1_invocationcount" name="TC1" time="0.002"/>
  <system-out>
    <![CDATA[running TC1]]>
  </system-out>
  <testcase classname="TestNG.ex5_keyword1_invocationcount" name="TC1" time="0.003"/>
  <system-out>
    <![CDATA[running TC1]]>
  </system-out>
  <testcase classname="TestNG.ex5_keyword1_invocationcount" name="TC1" time="0.003"/>
  <system-out>
    <![CDATA[running TC1]]>
  </system-out>
  <testcase classname="TestNG.ex5_keyword1_invocationcount" name="TC1" time="0.002"/>
  <system-out>
    <![CDATA[running TC1]]>
  </system-out>
</testsuite> <!-- TestNG.ex5_keyword1_invocationcount -->
