<?xml version="1.0" encoding="UTF-8"?>
<!-- Generated by org.testng.reporters.JUnitReportReporter -->
<testsuite hostname="DESKTOP-KS4UTAQ" failures="0" tests="3" name="TestNG.ex8_disableTCexecutionfrom_testsuite" time="0.011" errors="0" timestamp="2022-03-26T10:36:24 IST" skipped="0">
  <testcase classname="TestNG.ex8_disableTCexecutionfrom_testsuite" name="tc4" time="0.001"/>
  <system-out>
    <![CDATA[running tc4]]>
  </system-out>
  <testcase classname="TestNG.ex8_disableTCexecutionfrom_testsuite" name="tc3" time="0.009"/>
  <system-out>
    <![CDATA[running tc3]]>
  </system-out>
  <testcase classname="TestNG.ex8_disableTCexecutionfrom_testsuite" name="tc5" time="0.001"/>
  <system-out>
    <![CDATA[running tc5]]>
  </system-out>
</testsuite> <!-- TestNG.ex8_disableTCexecutionfrom_testsuite -->
