<?xml version="1.0" encoding="UTF-8"?>
<!-- Generated by org.testng.reporters.JUnitReportReporter -->
<testsuite hostname="DESKTOP-KS4UTAQ" failures="0" tests="2" name="TestNG.ex3_EmailableReport1" time="0.011" errors="0" timestamp="2022-03-24T11:08:18 IST" skipped="0">
  <testcase classname="TestNG.ex3_EmailableReport1" name="TC1" time="0.010"/>
  <system-out>
    <![CDATA[running TC1]]>
  </system-out>
  <testcase classname="TestNG.ex3_EmailableReport1" name="TC2" time="0.001"/>
  <system-out>
    <![CDATA[running TC2]]>
  </system-out>
</testsuite> <!-- TestNG.ex3_EmailableReport1 -->
