<?xml version="1.0" encoding="UTF-8"?>
<!-- Generated by org.testng.reporters.JUnitReportReporter -->
<testsuite hostname="DESKTOP-KS4UTAQ" failures="0" tests="1" name="TestNG.ex4_Annotations" time="0.010" errors="0" timestamp="2022-03-24T11:18:08 IST" skipped="0">
  <testcase classname="TestNG.ex4_Annotations" name="verifyuserid" time="0.010"/>
  <system-out>
    <![CDATA[running verifyuserid]]>
  </system-out>
</testsuite> <!-- TestNG.ex4_Annotations -->
