<?xml version="1.0" encoding="UTF-8"?>
<!-- Generated by org.testng.reporters.JUnitReportReporter -->
<testsuite hostname="DESKTOP-KS4UTAQ" failures="0" tests="1" name="POM_DDF_TestNG_Base_Utulityclass_failedTC_screenshot.kitelogintest" time="7.542" errors="0" timestamp="2022-03-29T20:23:01 IST" skipped="0">
  <testcase classname="POM_DDF_TestNG_Base_Utulityclass_failedTC_screenshot.kitelogintest" name="verifyuserID" time="7.542"/>
  <system-out/>
</testsuite> <!-- POM_DDF_TestNG_Base_Utulityclass_failedTC_screenshot.kitelogintest -->
