<?xml version="1.0" encoding="UTF-8"?>
<!-- Generated by org.testng.reporters.JUnitReportReporter -->
<testsuite hostname="DESKTOP-KS4UTAQ" failures="0" tests="3" name="TestNG.ex6_sample1" time="0.003" errors="0" timestamp="2022-03-25T17:20:16 IST" skipped="0">
  <testcase classname="TestNG.ex6_sample1" name="TC1" time="0.001"/>
  <system-out>
    <![CDATA[running TC1]]>
  </system-out>
  <testcase classname="TestNG.ex6_sample1" name="TC3" time="0.001"/>
  <system-out>
    <![CDATA[running TC3]]>
  </system-out>
  <testcase classname="TestNG.ex6_sample1" name="TC2" time="0.001"/>
  <system-out>
    <![CDATA[running TC2]]>
  </system-out>
</testsuite> <!-- TestNG.ex6_sample1 -->
