<?xml version="1.0" encoding="UTF-8"?>
<!-- Generated by org.testng.reporters.JUnitReportReporter -->
<testsuite hostname="DESKTOP-KS4UTAQ" failures="0" tests="3" name="TestNG.ex5_keyword2_enabled" time="0.014" errors="0" timestamp="2022-03-24T12:21:02 IST" skipped="1">
  <testcase classname="TestNG.ex5_keyword2_enabled" name="TC1" time="0.012"/>
  <system-out>
    <![CDATA[running TC1]]>
  </system-out>
  <testcase classname="TestNG.ex5_keyword2_enabled" name="TC3" time="0.002"/>
  <system-out>
    <![CDATA[running TC3]]>
  </system-out>
  <testcase classname="TestNG.ex5_keyword2_enabled" name="TC2">
    <skipped/>
  </testcase> <!-- TC2 -->
  <system-out/>
</testsuite> <!-- TestNG.ex5_keyword2_enabled -->
