<?xml version="1.0" encoding="UTF-8"?>
<!-- Generated by org.testng.reporters.JUnitReportReporter -->
<testsuite hostname="DESKTOP-KS4UTAQ" failures="0" tests="2" name="TestNG.ex10_grouping2" time="0.014" errors="0" timestamp="2022-03-26T18:47:39 IST" skipped="0">
  <testcase classname="TestNG.ex10_grouping2" name="tc4" time="0.013"/>
  <system-out>
    <![CDATA[running tc4]]>
  </system-out>
  <testcase classname="TestNG.ex10_grouping2" name="tc5" time="0.001"/>
  <system-out>
    <![CDATA[running tc5]]>
  </system-out>
</testsuite> <!-- TestNG.ex10_grouping2 -->
