<?xml version="1.0" encoding="UTF-8"?>
<!-- Generated by org.testng.reporters.JUnitReportReporter -->
<testsuite hostname="DESKTOP-KS4UTAQ" failures="0" tests="1" name="TestNG.ex2_TestNG_testclass" time="14.536" errors="0" timestamp="2022-03-24T10:46:03 IST" skipped="0">
  <testcase classname="TestNG.ex2_TestNG_testclass" name="openbrowser" time="14.536"/>
  <system-out/>
</testsuite> <!-- TestNG.ex2_TestNG_testclass -->
