<?xml version="1.0" encoding="UTF-8"?>
<!-- Generated by org.testng.reporters.JUnitReportReporter -->
<testsuite hostname="DESKTOP-KS4UTAQ" failures="0" tests="1" name="TestNG.ex11_parallel" time="13.070" errors="0" timestamp="2022-03-26T19:12:20 IST" skipped="0">
  <testcase classname="TestNG.ex11_parallel" name="openkiteapp" time="13.070"/>
  <system-out/>
</testsuite> <!-- TestNG.ex11_parallel -->
