<?xml version="1.0" encoding="UTF-8"?>
<!-- Generated by org.testng.reporters.JUnitReportReporter -->
<testsuite hostname="DESKTOP-KS4UTAQ" failures="0" tests="1" name="POM_DDF_TestNG.kitelogintest" time="4.658" errors="0" timestamp="2022-03-29T11:50:28 IST" skipped="0">
  <testcase classname="POM_DDF_TestNG.kitelogintest" name="verifyuserID" time="4.658"/>
  <system-out/>
</testsuite> <!-- POM_DDF_TestNG.kitelogintest -->
