<?xml version="1.0" encoding="UTF-8"?>
<!-- Generated by org.testng.reporters.JUnitReportReporter -->
<testsuite hostname="DESKTOP-KS4UTAQ" failures="0" tests="2" name="TestNG.ex3_EmailableReport" time="0.014" errors="0" timestamp="2022-03-24T10:58:06 IST" skipped="0">
  <testcase classname="TestNG.ex3_EmailableReport" name="TC2" time="0.002"/>
  <system-out/>
  <testcase classname="TestNG.ex3_EmailableReport" name="TC1" time="0.012"/>
  <system-out/>
</testsuite> <!-- TestNG.ex3_EmailableReport -->
