<?xml version="1.0" encoding="UTF-8"?>
<!-- Generated by org.testng.reporters.JUnitReportReporter -->
<testsuite hostname="DESKTOP-KS4UTAQ" failures="0" tests="1" name="TestNG.ex12_multibrowserTesting" time="41.157" errors="0" timestamp="2022-03-28T19:25:13 IST" skipped="0">
  <testcase classname="TestNG.ex12_multibrowserTesting" name="TC1" time="41.157"/>
  <system-out/>
</testsuite> <!-- TestNG.ex12_multibrowserTesting -->
