<?xml version="1.0" encoding="UTF-8"?>
<!-- Generated by org.testng.reporters.JUnitReportReporter -->
<testsuite hostname="DESKTOP-KS4UTAQ" failures="0" tests="2" name="TestNG.ex5_keyword5_dependsonmethod" time="0.012" errors="0" timestamp="2022-03-24T12:49:07 IST" skipped="0">
  <testcase classname="TestNG.ex5_keyword5_dependsonmethod" name="logout" time="0.001"/>
  <system-out>
    <![CDATA[running logout]]>
  </system-out>
  <testcase classname="TestNG.ex5_keyword5_dependsonmethod" name="login" time="0.011"/>
  <system-out>
    <![CDATA[running login]]>
  </system-out>
</testsuite> <!-- TestNG.ex5_keyword5_dependsonmethod -->
