<?xml version="1.0" encoding="UTF-8"?>
<!-- Generated by org.testng.reporters.JUnitReportReporter -->
<testsuite hostname="DESKTOP-KS4UTAQ" failures="0" tests="3" name="TestNG.ex5_keyword3_priority1" time="0.013" errors="0" timestamp="2022-03-24T12:29:44 IST" skipped="0">
  <testcase classname="TestNG.ex5_keyword3_priority1" name="TC3" time="0.011"/>
  <system-out>
    <![CDATA[running TC3]]>
  </system-out>
  <testcase classname="TestNG.ex5_keyword3_priority1" name="TC1" time="0.001"/>
  <system-out>
    <![CDATA[running TC1]]>
  </system-out>
  <testcase classname="TestNG.ex5_keyword3_priority1" name="TC2" time="0.001"/>
  <system-out>
    <![CDATA[running TC2]]>
  </system-out>
</testsuite> <!-- TestNG.ex5_keyword3_priority1 -->
