<?xml version="1.0" encoding="UTF-8"?>
<!-- Generated by org.testng.reporters.JUnitReportReporter -->
<testsuite hostname="DESKTOP-KS4UTAQ" failures="0" tests="3" name="TestNG.ex8_disableTCexecutionfrom_testclass" time="0.009" errors="0" timestamp="2022-03-26T10:18:27 IST" skipped="1">
  <testcase classname="TestNG.ex8_disableTCexecutionfrom_testclass" name="tc1" time="0.007"/>
  <system-out>
    <![CDATA[running tc1]]>
  </system-out>
  <testcase classname="TestNG.ex8_disableTCexecutionfrom_testclass" name="tc3" time="0.002"/>
  <system-out>
    <![CDATA[running tc3]]>
  </system-out>
  <testcase classname="TestNG.ex8_disableTCexecutionfrom_testclass" name="tc2">
    <skipped/>
  </testcase> <!-- tc2 -->
  <system-out/>
</testsuite> <!-- TestNG.ex8_disableTCexecutionfrom_testclass -->
